1550515763907	geckodriver	INFO	geckodriver 0.18.0
1550515763913	geckodriver	INFO	Listening on 127.0.0.1:47401
1550515765081	geckodriver::marionette	INFO	Starting browser /usr/bin/firefox with args ["-marionette"]
1550515766312	addons.xpi-utils	WARN	Add-on langpack-en-CA@firefox.mozilla.org is not compatible with application version.
1550515766312	addons.xpi-utils	WARN	Add-on langpack-en-CA@firefox.mozilla.org is not compatible with application version.
1550515766313	addons.xpi-utils	WARN	Add-on langpack-en-CA@firefox.mozilla.org is not compatible with application version.
1550515766347	addons.xpi-utils	WARN	Add-on langpack-en-GB@firefox.mozilla.org is not compatible with application version.
1550515766347	addons.xpi-utils	WARN	Add-on langpack-en-GB@firefox.mozilla.org is not compatible with application version.
1550515766348	addons.xpi-utils	WARN	Add-on langpack-en-GB@firefox.mozilla.org is not compatible with application version.
1550515766361	addons.xpi-utils	WARN	Add-on langpack-en-ZA@firefox.mozilla.org is not compatible with application version.
1550515766361	addons.xpi-utils	WARN	Add-on langpack-en-ZA@firefox.mozilla.org is not compatible with application version.
1550515766361	addons.xpi-utils	WARN	Add-on langpack-en-ZA@firefox.mozilla.org is not compatible with application version.
1550515766889	addons.xpi-utils	WARN	Add-on langpack-en-CA@firefox.mozilla.org is not compatible with application version.
1550515766890	addons.xpi-utils	WARN	Add-on langpack-en-GB@firefox.mozilla.org is not compatible with application version.
1550515766891	addons.xpi-utils	WARN	Add-on langpack-en-ZA@firefox.mozilla.org is not compatible with application version.
1550515766892	addons.xpi-utils	WARN	Add-on langpack-en-CA@firefox.mozilla.org is not compatible with application version.
1550515766893	addons.xpi-utils	WARN	Add-on langpack-en-GB@firefox.mozilla.org is not compatible with application version.
1550515766893	addons.xpi-utils	WARN	Add-on langpack-en-ZA@firefox.mozilla.org is not compatible with application version.
1550515766894	addons.xpi-utils	WARN	Add-on langpack-en-CA@firefox.mozilla.org is not compatible with application version.
1550515766894	addons.xpi-utils	WARN	Add-on langpack-en-GB@firefox.mozilla.org is not compatible with application version.
1550515766895	addons.xpi-utils	WARN	Add-on langpack-en-ZA@firefox.mozilla.org is not compatible with application version.
1550515766904	addons.xpi-utils	WARN	Add-on langpack-en-CA@firefox.mozilla.org is not compatible with application version.
1550515766904	addons.xpi-utils	WARN	Add-on langpack-en-GB@firefox.mozilla.org is not compatible with application version.
1550515766905	addons.xpi-utils	WARN	Add-on langpack-en-ZA@firefox.mozilla.org is not compatible with application version.
1550515766905	addons.xpi-utils	WARN	Add-on langpack-en-CA@firefox.mozilla.org is not compatible with application version.
1550515766906	addons.xpi-utils	WARN	Add-on langpack-en-GB@firefox.mozilla.org is not compatible with application version.
1550515766906	addons.xpi-utils	WARN	Add-on langpack-en-ZA@firefox.mozilla.org is not compatible with application version.
1550515766987	addons.xpi-utils	WARN	Add-on langpack-en-CA@firefox.mozilla.org is not compatible with application version.
1550515766987	addons.xpi-utils	WARN	Add-on langpack-en-GB@firefox.mozilla.org is not compatible with application version.
1550515766988	addons.xpi-utils	WARN	Add-on langpack-en-ZA@firefox.mozilla.org is not compatible with application version.
1550515773277	Marionette	INFO	Listening on port 42465
1550515773332	Marionette	WARN	TLS certificate errors will be ignored for this session
1550516038872	geckodriver	INFO	geckodriver 0.18.0
1550516038877	geckodriver	INFO	Listening on 127.0.0.1:53009
1550516040049	geckodriver::marionette	INFO	Starting browser /usr/bin/firefox with args ["-marionette"]
1550516041085	addons.xpi-utils	WARN	Add-on langpack-en-CA@firefox.mozilla.org is not compatible with application version.
1550516041086	addons.xpi-utils	WARN	Add-on langpack-en-CA@firefox.mozilla.org is not compatible with application version.
1550516041087	addons.xpi-utils	WARN	Add-on langpack-en-CA@firefox.mozilla.org is not compatible with application version.
1550516041101	addons.xpi-utils	WARN	Add-on langpack-en-GB@firefox.mozilla.org is not compatible with application version.
1550516041101	addons.xpi-utils	WARN	Add-on langpack-en-GB@firefox.mozilla.org is not compatible with application version.
1550516041102	addons.xpi-utils	WARN	Add-on langpack-en-GB@firefox.mozilla.org is not compatible with application version.
1550516041114	addons.xpi-utils	WARN	Add-on langpack-en-ZA@firefox.mozilla.org is not compatible with application version.
1550516041115	addons.xpi-utils	WARN	Add-on langpack-en-ZA@firefox.mozilla.org is not compatible with application version.
1550516041115	addons.xpi-utils	WARN	Add-on langpack-en-ZA@firefox.mozilla.org is not compatible with application version.
1550516041510	addons.xpi-utils	WARN	Add-on langpack-en-CA@firefox.mozilla.org is not compatible with application version.
1550516041511	addons.xpi-utils	WARN	Add-on langpack-en-GB@firefox.mozilla.org is not compatible with application version.
1550516041512	addons.xpi-utils	WARN	Add-on langpack-en-ZA@firefox.mozilla.org is not compatible with application version.
1550516041514	addons.xpi-utils	WARN	Add-on langpack-en-CA@firefox.mozilla.org is not compatible with application version.
1550516041514	addons.xpi-utils	WARN	Add-on langpack-en-GB@firefox.mozilla.org is not compatible with application version.
1550516041514	addons.xpi-utils	WARN	Add-on langpack-en-ZA@firefox.mozilla.org is not compatible with application version.
1550516041515	addons.xpi-utils	WARN	Add-on langpack-en-CA@firefox.mozilla.org is not compatible with application version.
1550516041515	addons.xpi-utils	WARN	Add-on langpack-en-GB@firefox.mozilla.org is not compatible with application version.
1550516041515	addons.xpi-utils	WARN	Add-on langpack-en-ZA@firefox.mozilla.org is not compatible with application version.
1550516041523	addons.xpi-utils	WARN	Add-on langpack-en-CA@firefox.mozilla.org is not compatible with application version.
1550516041524	addons.xpi-utils	WARN	Add-on langpack-en-GB@firefox.mozilla.org is not compatible with application version.
1550516041524	addons.xpi-utils	WARN	Add-on langpack-en-ZA@firefox.mozilla.org is not compatible with application version.
1550516041525	addons.xpi-utils	WARN	Add-on langpack-en-CA@firefox.mozilla.org is not compatible with application version.
1550516041525	addons.xpi-utils	WARN	Add-on langpack-en-GB@firefox.mozilla.org is not compatible with application version.
1550516041525	addons.xpi-utils	WARN	Add-on langpack-en-ZA@firefox.mozilla.org is not compatible with application version.
1550516041577	addons.xpi-utils	WARN	Add-on langpack-en-CA@firefox.mozilla.org is not compatible with application version.
1550516041577	addons.xpi-utils	WARN	Add-on langpack-en-GB@firefox.mozilla.org is not compatible with application version.
1550516041577	addons.xpi-utils	WARN	Add-on langpack-en-ZA@firefox.mozilla.org is not compatible with application version.
1550516047361	Marionette	INFO	Listening on port 39143
1550516047562	Marionette	WARN	TLS certificate errors will be ignored for this session
[Child 6467, Chrome_ChildThread] WARNING: pipe error (18): Connection reset by peer: file /build/firefox-mWstsA/firefox-61.0.1+build1/ipc/chromium/src/chrome/common/ipc_channel_posix.cc, line 353
[Child 6467, Chrome_ChildThread] WARNING: pipe error (3): Connection reset by peer: file /build/firefox-mWstsA/firefox-61.0.1+build1/ipc/chromium/src/chrome/common/ipc_channel_posix.cc, line 353
1550757810123	geckodriver	INFO	geckodriver 0.18.0
1550757810130	geckodriver	INFO	Listening on 127.0.0.1:56879
1550757811686	geckodriver::marionette	INFO	Starting browser /usr/bin/firefox with args ["-marionette"]
1550757812868	addons.xpi-utils	WARN	Add-on langpack-en-CA@firefox.mozilla.org is not compatible with application version.
1550757812869	addons.xpi-utils	WARN	Add-on langpack-en-CA@firefox.mozilla.org is not compatible with application version.
1550757812869	addons.xpi-utils	WARN	Add-on langpack-en-CA@firefox.mozilla.org is not compatible with application version.
1550757812888	addons.xpi-utils	WARN	Add-on langpack-en-GB@firefox.mozilla.org is not compatible with application version.
1550757812889	addons.xpi-utils	WARN	Add-on langpack-en-GB@firefox.mozilla.org is not compatible with application version.
1550757812889	addons.xpi-utils	WARN	Add-on langpack-en-GB@firefox.mozilla.org is not compatible with application version.
1550757812914	addons.xpi-utils	WARN	Add-on langpack-en-ZA@firefox.mozilla.org is not compatible with application version.
1550757812915	addons.xpi-utils	WARN	Add-on langpack-en-ZA@firefox.mozilla.org is not compatible with application version.
1550757812915	addons.xpi-utils	WARN	Add-on langpack-en-ZA@firefox.mozilla.org is not compatible with application version.
1550757813301	addons.xpi-utils	WARN	Add-on langpack-en-CA@firefox.mozilla.org is not compatible with application version.
1550757813302	addons.xpi-utils	WARN	Add-on langpack-en-GB@firefox.mozilla.org is not compatible with application version.
1550757813302	addons.xpi-utils	WARN	Add-on langpack-en-ZA@firefox.mozilla.org is not compatible with application version.
1550757813303	addons.xpi-utils	WARN	Add-on langpack-en-CA@firefox.mozilla.org is not compatible with application version.
1550757813303	addons.xpi-utils	WARN	Add-on langpack-en-GB@firefox.mozilla.org is not compatible with application version.
1550757813303	addons.xpi-utils	WARN	Add-on langpack-en-ZA@firefox.mozilla.org is not compatible with application version.
1550757813303	addons.xpi-utils	WARN	Add-on langpack-en-CA@firefox.mozilla.org is not compatible with application version.
1550757813303	addons.xpi-utils	WARN	Add-on langpack-en-GB@firefox.mozilla.org is not compatible with application version.
1550757813303	addons.xpi-utils	WARN	Add-on langpack-en-ZA@firefox.mozilla.org is not compatible with application version.
1550757813306	addons.xpi-utils	WARN	Add-on langpack-en-CA@firefox.mozilla.org is not compatible with application version.
1550757813306	addons.xpi-utils	WARN	Add-on langpack-en-GB@firefox.mozilla.org is not compatible with application version.
1550757813306	addons.xpi-utils	WARN	Add-on langpack-en-ZA@firefox.mozilla.org is not compatible with application version.
1550757813307	addons.xpi-utils	WARN	Add-on langpack-en-CA@firefox.mozilla.org is not compatible with application version.
1550757813307	addons.xpi-utils	WARN	Add-on langpack-en-GB@firefox.mozilla.org is not compatible with application version.
1550757813307	addons.xpi-utils	WARN	Add-on langpack-en-ZA@firefox.mozilla.org is not compatible with application version.
1550757813343	addons.xpi-utils	WARN	Add-on langpack-en-CA@firefox.mozilla.org is not compatible with application version.
1550757813344	addons.xpi-utils	WARN	Add-on langpack-en-GB@firefox.mozilla.org is not compatible with application version.
1550757813344	addons.xpi-utils	WARN	Add-on langpack-en-ZA@firefox.mozilla.org is not compatible with application version.
1550757819131	Marionette	INFO	Listening on port 34953
1550757819296	Marionette	WARN	TLS certificate errors will be ignored for this session
[GFX1-]: Receive IPC close with reason=AbnormalShutdown
[Child 21789, Chrome_ChildThread] WARNING: pipe error (3): Connection reset by peer: file /build/firefox-mWstsA/firefox-61.0.1+build1/ipc/chromium/src/chrome/common/ipc_channel_posix.cc, line 353
1550763624078	geckodriver	INFO	geckodriver 0.18.0
1550763624085	geckodriver	INFO	Listening on 127.0.0.1:33001
1550763625220	geckodriver::marionette	INFO	Starting browser /usr/bin/firefox with args ["-marionette"]
1550763625864	addons.xpi-utils	WARN	Add-on langpack-en-CA@firefox.mozilla.org is not compatible with application version.
1550763625865	addons.xpi-utils	WARN	Add-on langpack-en-CA@firefox.mozilla.org is not compatible with application version.
1550763625865	addons.xpi-utils	WARN	Add-on langpack-en-CA@firefox.mozilla.org is not compatible with application version.
1550763625882	addons.xpi-utils	WARN	Add-on langpack-en-GB@firefox.mozilla.org is not compatible with application version.
1550763625882	addons.xpi-utils	WARN	Add-on langpack-en-GB@firefox.mozilla.org is not compatible with application version.
1550763625883	addons.xpi-utils	WARN	Add-on langpack-en-GB@firefox.mozilla.org is not compatible with application version.
1550763625900	addons.xpi-utils	WARN	Add-on langpack-en-ZA@firefox.mozilla.org is not compatible with application version.
1550763625900	addons.xpi-utils	WARN	Add-on langpack-en-ZA@firefox.mozilla.org is not compatible with application version.
1550763625901	addons.xpi-utils	WARN	Add-on langpack-en-ZA@firefox.mozilla.org is not compatible with application version.
1550763626101	addons.xpi-utils	WARN	Add-on langpack-en-CA@firefox.mozilla.org is not compatible with application version.
1550763626101	addons.xpi-utils	WARN	Add-on langpack-en-GB@firefox.mozilla.org is not compatible with application version.
1550763626102	addons.xpi-utils	WARN	Add-on langpack-en-ZA@firefox.mozilla.org is not compatible with application version.
1550763626102	addons.xpi-utils	WARN	Add-on langpack-en-CA@firefox.mozilla.org is not compatible with application version.
1550763626102	addons.xpi-utils	WARN	Add-on langpack-en-GB@firefox.mozilla.org is not compatible with application version.
1550763626102	addons.xpi-utils	WARN	Add-on langpack-en-ZA@firefox.mozilla.org is not compatible with application version.
1550763626103	addons.xpi-utils	WARN	Add-on langpack-en-CA@firefox.mozilla.org is not compatible with application version.
1550763626103	addons.xpi-utils	WARN	Add-on langpack-en-GB@firefox.mozilla.org is not compatible with application version.
1550763626103	addons.xpi-utils	WARN	Add-on langpack-en-ZA@firefox.mozilla.org is not compatible with application version.
1550763626104	addons.xpi-utils	WARN	Add-on langpack-en-CA@firefox.mozilla.org is not compatible with application version.
1550763626105	addons.xpi-utils	WARN	Add-on langpack-en-GB@firefox.mozilla.org is not compatible with application version.
1550763626105	addons.xpi-utils	WARN	Add-on langpack-en-ZA@firefox.mozilla.org is not compatible with application version.
1550763626105	addons.xpi-utils	WARN	Add-on langpack-en-CA@firefox.mozilla.org is not compatible with application version.
1550763626105	addons.xpi-utils	WARN	Add-on langpack-en-GB@firefox.mozilla.org is not compatible with application version.
1550763626105	addons.xpi-utils	WARN	Add-on langpack-en-ZA@firefox.mozilla.org is not compatible with application version.
1550763626122	addons.xpi-utils	WARN	Add-on langpack-en-CA@firefox.mozilla.org is not compatible with application version.
1550763626122	addons.xpi-utils	WARN	Add-on langpack-en-GB@firefox.mozilla.org is not compatible with application version.
1550763626122	addons.xpi-utils	WARN	Add-on langpack-en-ZA@firefox.mozilla.org is not compatible with application version.
1550763628882	Marionette	INFO	Listening on port 42075
1550763628965	Marionette	WARN	TLS certificate errors will be ignored for this session
1550763748206	geckodriver	INFO	geckodriver 0.18.0
1550763748209	geckodriver	INFO	Listening on 127.0.0.1:37773
1550763749344	geckodriver::marionette	INFO	Starting browser /usr/bin/firefox with args ["-marionette"]
1550763749961	addons.xpi-utils	WARN	Add-on langpack-en-CA@firefox.mozilla.org is not compatible with application version.
1550763749962	addons.xpi-utils	WARN	Add-on langpack-en-CA@firefox.mozilla.org is not compatible with application version.
1550763749962	addons.xpi-utils	WARN	Add-on langpack-en-CA@firefox.mozilla.org is not compatible with application version.
1550763749977	addons.xpi-utils	WARN	Add-on langpack-en-GB@firefox.mozilla.org is not compatible with application version.
1550763749977	addons.xpi-utils	WARN	Add-on langpack-en-GB@firefox.mozilla.org is not compatible with application version.
1550763749978	addons.xpi-utils	WARN	Add-on langpack-en-GB@firefox.mozilla.org is not compatible with application version.
1550763749989	addons.xpi-utils	WARN	Add-on langpack-en-ZA@firefox.mozilla.org is not compatible with application version.
1550763749989	addons.xpi-utils	WARN	Add-on langpack-en-ZA@firefox.mozilla.org is not compatible with application version.
1550763749990	addons.xpi-utils	WARN	Add-on langpack-en-ZA@firefox.mozilla.org is not compatible with application version.
1550763750165	addons.xpi-utils	WARN	Add-on langpack-en-CA@firefox.mozilla.org is not compatible with application version.
1550763750166	addons.xpi-utils	WARN	Add-on langpack-en-GB@firefox.mozilla.org is not compatible with application version.
1550763750167	addons.xpi-utils	WARN	Add-on langpack-en-ZA@firefox.mozilla.org is not compatible with application version.
1550763750167	addons.xpi-utils	WARN	Add-on langpack-en-CA@firefox.mozilla.org is not compatible with application version.
1550763750167	addons.xpi-utils	WARN	Add-on langpack-en-GB@firefox.mozilla.org is not compatible with application version.
1550763750167	addons.xpi-utils	WARN	Add-on langpack-en-ZA@firefox.mozilla.org is not compatible with application version.
1550763750167	addons.xpi-utils	WARN	Add-on langpack-en-CA@firefox.mozilla.org is not compatible with application version.
1550763750168	addons.xpi-utils	WARN	Add-on langpack-en-GB@firefox.mozilla.org is not compatible with application version.
1550763750168	addons.xpi-utils	WARN	Add-on langpack-en-ZA@firefox.mozilla.org is not compatible with application version.
1550763750169	addons.xpi-utils	WARN	Add-on langpack-en-CA@firefox.mozilla.org is not compatible with application version.
1550763750169	addons.xpi-utils	WARN	Add-on langpack-en-GB@firefox.mozilla.org is not compatible with application version.
1550763750169	addons.xpi-utils	WARN	Add-on langpack-en-ZA@firefox.mozilla.org is not compatible with application version.
1550763750170	addons.xpi-utils	WARN	Add-on langpack-en-CA@firefox.mozilla.org is not compatible with application version.
1550763750170	addons.xpi-utils	WARN	Add-on langpack-en-GB@firefox.mozilla.org is not compatible with application version.
1550763750170	addons.xpi-utils	WARN	Add-on langpack-en-ZA@firefox.mozilla.org is not compatible with application version.
1550763750186	addons.xpi-utils	WARN	Add-on langpack-en-CA@firefox.mozilla.org is not compatible with application version.
1550763750187	addons.xpi-utils	WARN	Add-on langpack-en-GB@firefox.mozilla.org is not compatible with application version.
1550763750187	addons.xpi-utils	WARN	Add-on langpack-en-ZA@firefox.mozilla.org is not compatible with application version.
1550763752498	Marionette	INFO	Listening on port 37013
1550763752617	Marionette	WARN	TLS certificate errors will be ignored for this session
1550763832950	geckodriver	INFO	geckodriver 0.18.0
1550763832953	geckodriver	INFO	Listening on 127.0.0.1:45883
1550763834184	geckodriver::marionette	INFO	Starting browser /usr/bin/firefox with args ["-marionette"]
1550763835268	addons.xpi-utils	WARN	Add-on langpack-en-CA@firefox.mozilla.org is not compatible with application version.
1550763835268	addons.xpi-utils	WARN	Add-on langpack-en-CA@firefox.mozilla.org is not compatible with application version.
1550763835269	addons.xpi-utils	WARN	Add-on langpack-en-CA@firefox.mozilla.org is not compatible with application version.
1550763835290	addons.xpi-utils	WARN	Add-on langpack-en-GB@firefox.mozilla.org is not compatible with application version.
1550763835290	addons.xpi-utils	WARN	Add-on langpack-en-GB@firefox.mozilla.org is not compatible with application version.
1550763835291	addons.xpi-utils	WARN	Add-on langpack-en-GB@firefox.mozilla.org is not compatible with application version.
1550763835306	addons.xpi-utils	WARN	Add-on langpack-en-ZA@firefox.mozilla.org is not compatible with application version.
1550763835307	addons.xpi-utils	WARN	Add-on langpack-en-ZA@firefox.mozilla.org is not compatible with application version.
1550763835307	addons.xpi-utils	WARN	Add-on langpack-en-ZA@firefox.mozilla.org is not compatible with application version.
1550763835501	addons.xpi-utils	WARN	Add-on langpack-en-CA@firefox.mozilla.org is not compatible with application version.
1550763835502	addons.xpi-utils	WARN	Add-on langpack-en-GB@firefox.mozilla.org is not compatible with application version.
1550763835502	addons.xpi-utils	WARN	Add-on langpack-en-ZA@firefox.mozilla.org is not compatible with application version.
1550763835502	addons.xpi-utils	WARN	Add-on langpack-en-CA@firefox.mozilla.org is not compatible with application version.
1550763835502	addons.xpi-utils	WARN	Add-on langpack-en-GB@firefox.mozilla.org is not compatible with application version.
1550763835502	addons.xpi-utils	WARN	Add-on langpack-en-ZA@firefox.mozilla.org is not compatible with application version.
1550763835503	addons.xpi-utils	WARN	Add-on langpack-en-CA@firefox.mozilla.org is not compatible with application version.
1550763835503	addons.xpi-utils	WARN	Add-on langpack-en-GB@firefox.mozilla.org is not compatible with application version.
1550763835503	addons.xpi-utils	WARN	Add-on langpack-en-ZA@firefox.mozilla.org is not compatible with application version.
1550763835504	addons.xpi-utils	WARN	Add-on langpack-en-CA@firefox.mozilla.org is not compatible with application version.
1550763835504	addons.xpi-utils	WARN	Add-on langpack-en-GB@firefox.mozilla.org is not compatible with application version.
1550763835504	addons.xpi-utils	WARN	Add-on langpack-en-ZA@firefox.mozilla.org is not compatible with application version.
1550763835505	addons.xpi-utils	WARN	Add-on langpack-en-CA@firefox.mozilla.org is not compatible with application version.
1550763835505	addons.xpi-utils	WARN	Add-on langpack-en-GB@firefox.mozilla.org is not compatible with application version.
1550763835505	addons.xpi-utils	WARN	Add-on langpack-en-ZA@firefox.mozilla.org is not compatible with application version.
1550763835529	addons.xpi-utils	WARN	Add-on langpack-en-CA@firefox.mozilla.org is not compatible with application version.
1550763835529	addons.xpi-utils	WARN	Add-on langpack-en-GB@firefox.mozilla.org is not compatible with application version.
1550763835529	addons.xpi-utils	WARN	Add-on langpack-en-ZA@firefox.mozilla.org is not compatible with application version.
1550763838038	Marionette	INFO	Listening on port 42345
1550763838070	Marionette	WARN	TLS certificate errors will be ignored for this session
[GFX1-]: Receive IPC close with reason=AbnormalShutdown
[Child 6828, Chrome_ChildThread] WARNING: pipe error (3): Connection reset by peer: file /build/firefox-mWstsA/firefox-61.0.1+build1/ipc/chromium/src/chrome/common/ipc_channel_posix.cc, line 353
1550764023692	geckodriver	INFO	geckodriver 0.18.0
1550764023695	geckodriver	INFO	Listening on 127.0.0.1:52971
1550764024844	geckodriver::marionette	INFO	Starting browser /usr/bin/firefox with args ["-marionette"]
*** You are running in headless mode.
1550764025344	addons.xpi-utils	WARN	Add-on langpack-en-CA@firefox.mozilla.org is not compatible with application version.
1550764025345	addons.xpi-utils	WARN	Add-on langpack-en-CA@firefox.mozilla.org is not compatible with application version.
1550764025345	addons.xpi-utils	WARN	Add-on langpack-en-CA@firefox.mozilla.org is not compatible with application version.
1550764025357	addons.xpi-utils	WARN	Add-on langpack-en-GB@firefox.mozilla.org is not compatible with application version.
1550764025357	addons.xpi-utils	WARN	Add-on langpack-en-GB@firefox.mozilla.org is not compatible with application version.
1550764025357	addons.xpi-utils	WARN	Add-on langpack-en-GB@firefox.mozilla.org is not compatible with application version.
1550764025368	addons.xpi-utils	WARN	Add-on langpack-en-ZA@firefox.mozilla.org is not compatible with application version.
1550764025368	addons.xpi-utils	WARN	Add-on langpack-en-ZA@firefox.mozilla.org is not compatible with application version.
1550764025368	addons.xpi-utils	WARN	Add-on langpack-en-ZA@firefox.mozilla.org is not compatible with application version.
1550764025496	addons.xpi-utils	WARN	Add-on langpack-en-CA@firefox.mozilla.org is not compatible with application version.
1550764025497	addons.xpi-utils	WARN	Add-on langpack-en-GB@firefox.mozilla.org is not compatible with application version.
1550764025497	addons.xpi-utils	WARN	Add-on langpack-en-ZA@firefox.mozilla.org is not compatible with application version.
1550764025498	addons.xpi-utils	WARN	Add-on langpack-en-CA@firefox.mozilla.org is not compatible with application version.
1550764025498	addons.xpi-utils	WARN	Add-on langpack-en-GB@firefox.mozilla.org is not compatible with application version.
1550764025498	addons.xpi-utils	WARN	Add-on langpack-en-ZA@firefox.mozilla.org is not compatible with application version.
1550764025498	addons.xpi-utils	WARN	Add-on langpack-en-CA@firefox.mozilla.org is not compatible with application version.
1550764025498	addons.xpi-utils	WARN	Add-on langpack-en-GB@firefox.mozilla.org is not compatible with application version.
1550764025498	addons.xpi-utils	WARN	Add-on langpack-en-ZA@firefox.mozilla.org is not compatible with application version.
1550764025500	addons.xpi-utils	WARN	Add-on langpack-en-CA@firefox.mozilla.org is not compatible with application version.
1550764025500	addons.xpi-utils	WARN	Add-on langpack-en-GB@firefox.mozilla.org is not compatible with application version.
1550764025506	addons.xpi-utils	WARN	Add-on langpack-en-ZA@firefox.mozilla.org is not compatible with application version.
1550764025506	addons.xpi-utils	WARN	Add-on langpack-en-CA@firefox.mozilla.org is not compatible with application version.
1550764025506	addons.xpi-utils	WARN	Add-on langpack-en-GB@firefox.mozilla.org is not compatible with application version.
1550764025506	addons.xpi-utils	WARN	Add-on langpack-en-ZA@firefox.mozilla.org is not compatible with application version.
1550764025521	addons.xpi-utils	WARN	Add-on langpack-en-CA@firefox.mozilla.org is not compatible with application version.
1550764025521	addons.xpi-utils	WARN	Add-on langpack-en-GB@firefox.mozilla.org is not compatible with application version.
1550764025521	addons.xpi-utils	WARN	Add-on langpack-en-ZA@firefox.mozilla.org is not compatible with application version.
1550764026638	Marionette	INFO	Listening on port 34847
1550764026662	Marionette	WARN	TLS certificate errors will be ignored for this session
[Child 7745, Chrome_ChildThread] WARNING: pipe error (16): Connection reset by peer: file /build/firefox-mWstsA/firefox-61.0.1+build1/ipc/chromium/src/chrome/common/ipc_channel_posix.cc, line 353
[Child 7745, Chrome_ChildThread] WARNING: pipe error (3): Connection reset by peer: file /build/firefox-mWstsA/firefox-61.0.1+build1/ipc/chromium/src/chrome/common/ipc_channel_posix.cc, line 353
1550764284500	geckodriver	INFO	geckodriver 0.18.0
1550764284503	geckodriver	INFO	Listening on 127.0.0.1:43797
1550764285634	geckodriver::marionette	INFO	Starting browser /usr/bin/firefox with args ["-marionette"]
*** You are running in headless mode.
1550764286140	addons.xpi-utils	WARN	Add-on langpack-en-CA@firefox.mozilla.org is not compatible with application version.
1550764286140	addons.xpi-utils	WARN	Add-on langpack-en-CA@firefox.mozilla.org is not compatible with application version.
1550764286141	addons.xpi-utils	WARN	Add-on langpack-en-CA@firefox.mozilla.org is not compatible with application version.
1550764286153	addons.xpi-utils	WARN	Add-on langpack-en-GB@firefox.mozilla.org is not compatible with application version.
1550764286153	addons.xpi-utils	WARN	Add-on langpack-en-GB@firefox.mozilla.org is not compatible with application version.
1550764286154	addons.xpi-utils	WARN	Add-on langpack-en-GB@firefox.mozilla.org is not compatible with application version.
1550764286165	addons.xpi-utils	WARN	Add-on langpack-en-ZA@firefox.mozilla.org is not compatible with application version.
1550764286165	addons.xpi-utils	WARN	Add-on langpack-en-ZA@firefox.mozilla.org is not compatible with application version.
1550764286165	addons.xpi-utils	WARN	Add-on langpack-en-ZA@firefox.mozilla.org is not compatible with application version.
1550764286298	addons.xpi-utils	WARN	Add-on langpack-en-CA@firefox.mozilla.org is not compatible with application version.
1550764286298	addons.xpi-utils	WARN	Add-on langpack-en-GB@firefox.mozilla.org is not compatible with application version.
1550764286299	addons.xpi-utils	WARN	Add-on langpack-en-ZA@firefox.mozilla.org is not compatible with application version.
1550764286299	addons.xpi-utils	WARN	Add-on langpack-en-CA@firefox.mozilla.org is not compatible with application version.
1550764286299	addons.xpi-utils	WARN	Add-on langpack-en-GB@firefox.mozilla.org is not compatible with application version.
1550764286299	addons.xpi-utils	WARN	Add-on langpack-en-ZA@firefox.mozilla.org is not compatible with application version.
1550764286300	addons.xpi-utils	WARN	Add-on langpack-en-CA@firefox.mozilla.org is not compatible with application version.
1550764286300	addons.xpi-utils	WARN	Add-on langpack-en-GB@firefox.mozilla.org is not compatible with application version.
1550764286300	addons.xpi-utils	WARN	Add-on langpack-en-ZA@firefox.mozilla.org is not compatible with application version.
1550764286301	addons.xpi-utils	WARN	Add-on langpack-en-CA@firefox.mozilla.org is not compatible with application version.
1550764286301	addons.xpi-utils	WARN	Add-on langpack-en-GB@firefox.mozilla.org is not compatible with application version.
1550764286301	addons.xpi-utils	WARN	Add-on langpack-en-ZA@firefox.mozilla.org is not compatible with application version.
1550764286302	addons.xpi-utils	WARN	Add-on langpack-en-CA@firefox.mozilla.org is not compatible with application version.
1550764286302	addons.xpi-utils	WARN	Add-on langpack-en-GB@firefox.mozilla.org is not compatible with application version.
1550764286302	addons.xpi-utils	WARN	Add-on langpack-en-ZA@firefox.mozilla.org is not compatible with application version.
1550764286319	addons.xpi-utils	WARN	Add-on langpack-en-CA@firefox.mozilla.org is not compatible with application version.
1550764286319	addons.xpi-utils	WARN	Add-on langpack-en-GB@firefox.mozilla.org is not compatible with application version.
1550764286319	addons.xpi-utils	WARN	Add-on langpack-en-ZA@firefox.mozilla.org is not compatible with application version.
1550764287485	Marionette	INFO	Listening on port 43095
1550764287546	Marionette	WARN	TLS certificate errors will be ignored for this session
[Child 8810, Chrome_ChildThread] WARNING: pipe error (16): Connection reset by peer: file /build/firefox-mWstsA/firefox-61.0.1+build1/ipc/chromium/src/chrome/common/ipc_channel_posix.cc, line 353
[Child 8810, Chrome_ChildThread] WARNING: pipe error (3): Connection reset by peer: file /build/firefox-mWstsA/firefox-61.0.1+build1/ipc/chromium/src/chrome/common/ipc_channel_posix.cc, line 353
1550765659414	geckodriver	INFO	geckodriver 0.18.0
1550765659417	geckodriver	INFO	Listening on 127.0.0.1:45689
1550765660549	geckodriver::marionette	INFO	Starting browser /usr/bin/firefox with args ["-marionette"]
*** You are running in headless mode.
1550765660989	addons.xpi-utils	WARN	Add-on langpack-en-CA@firefox.mozilla.org is not compatible with application version.
1550765660989	addons.xpi-utils	WARN	Add-on langpack-en-CA@firefox.mozilla.org is not compatible with application version.
1550765660989	addons.xpi-utils	WARN	Add-on langpack-en-CA@firefox.mozilla.org is not compatible with application version.
1550765661002	addons.xpi-utils	WARN	Add-on langpack-en-GB@firefox.mozilla.org is not compatible with application version.
1550765661002	addons.xpi-utils	WARN	Add-on langpack-en-GB@firefox.mozilla.org is not compatible with application version.
1550765661003	addons.xpi-utils	WARN	Add-on langpack-en-GB@firefox.mozilla.org is not compatible with application version.
1550765661013	addons.xpi-utils	WARN	Add-on langpack-en-ZA@firefox.mozilla.org is not compatible with application version.
1550765661013	addons.xpi-utils	WARN	Add-on langpack-en-ZA@firefox.mozilla.org is not compatible with application version.
1550765661014	addons.xpi-utils	WARN	Add-on langpack-en-ZA@firefox.mozilla.org is not compatible with application version.
1550765661174	addons.xpi-utils	WARN	Add-on langpack-en-CA@firefox.mozilla.org is not compatible with application version.
1550765661175	addons.xpi-utils	WARN	Add-on langpack-en-GB@firefox.mozilla.org is not compatible with application version.
1550765661175	addons.xpi-utils	WARN	Add-on langpack-en-ZA@firefox.mozilla.org is not compatible with application version.
1550765661176	addons.xpi-utils	WARN	Add-on langpack-en-CA@firefox.mozilla.org is not compatible with application version.
1550765661176	addons.xpi-utils	WARN	Add-on langpack-en-GB@firefox.mozilla.org is not compatible with application version.
1550765661176	addons.xpi-utils	WARN	Add-on langpack-en-ZA@firefox.mozilla.org is not compatible with application version.
1550765661177	addons.xpi-utils	WARN	Add-on langpack-en-CA@firefox.mozilla.org is not compatible with application version.
1550765661177	addons.xpi-utils	WARN	Add-on langpack-en-GB@firefox.mozilla.org is not compatible with application version.
1550765661177	addons.xpi-utils	WARN	Add-on langpack-en-ZA@firefox.mozilla.org is not compatible with application version.
1550765661183	addons.xpi-utils	WARN	Add-on langpack-en-CA@firefox.mozilla.org is not compatible with application version.
1550765661183	addons.xpi-utils	WARN	Add-on langpack-en-GB@firefox.mozilla.org is not compatible with application version.
1550765661184	addons.xpi-utils	WARN	Add-on langpack-en-ZA@firefox.mozilla.org is not compatible with application version.
1550765662358	Marionette	INFO	Listening on port 35761
1550765662368	Marionette	WARN	TLS certificate errors will be ignored for this session
[GFX1-]: Receive IPC close with reason=AbnormalShutdown
[Child 13797, Chrome_ChildThread] WARNING: pipe error (3): Connection reset by peer: file /build/firefox-mWstsA/firefox-61.0.1+build1/ipc/chromium/src/chrome/common/ipc_channel_posix.cc, line 353
[Child 13728, Chrome_ChildThread] WARNING: pipe error (16): Connection reset by peer: file /build/firefox-mWstsA/firefox-61.0.1+build1/ipc/chromium/src/chrome/common/ipc_channel_posix.cc, line 353
[Child 13728, Chrome_ChildThread] WARNING: pipe error (3): Connection reset by peer: file /build/firefox-mWstsA/firefox-61.0.1+build1/ipc/chromium/src/chrome/common/ipc_channel_posix.cc, line 353
1550765856715	geckodriver	INFO	geckodriver 0.18.0
1550765856718	geckodriver	INFO	Listening on 127.0.0.1:52789
1550765857854	geckodriver::marionette	INFO	Starting browser /usr/bin/firefox with args ["-marionette"]
*** You are running in headless mode.
1550765858262	addons.xpi-utils	WARN	Add-on langpack-en-CA@firefox.mozilla.org is not compatible with application version.
1550765858262	addons.xpi-utils	WARN	Add-on langpack-en-CA@firefox.mozilla.org is not compatible with application version.
1550765858263	addons.xpi-utils	WARN	Add-on langpack-en-CA@firefox.mozilla.org is not compatible with application version.
1550765858275	addons.xpi-utils	WARN	Add-on langpack-en-GB@firefox.mozilla.org is not compatible with application version.
1550765858275	addons.xpi-utils	WARN	Add-on langpack-en-GB@firefox.mozilla.org is not compatible with application version.
1550765858275	addons.xpi-utils	WARN	Add-on langpack-en-GB@firefox.mozilla.org is not compatible with application version.
1550765858284	addons.xpi-utils	WARN	Add-on langpack-en-ZA@firefox.mozilla.org is not compatible with application version.
1550765858285	addons.xpi-utils	WARN	Add-on langpack-en-ZA@firefox.mozilla.org is not compatible with application version.
1550765858285	addons.xpi-utils	WARN	Add-on langpack-en-ZA@firefox.mozilla.org is not compatible with application version.
1550765858438	addons.xpi-utils	WARN	Add-on langpack-en-CA@firefox.mozilla.org is not compatible with application version.
1550765858439	addons.xpi-utils	WARN	Add-on langpack-en-GB@firefox.mozilla.org is not compatible with application version.
1550765858439	addons.xpi-utils	WARN	Add-on langpack-en-ZA@firefox.mozilla.org is not compatible with application version.
1550765858440	addons.xpi-utils	WARN	Add-on langpack-en-CA@firefox.mozilla.org is not compatible with application version.
1550765858440	addons.xpi-utils	WARN	Add-on langpack-en-GB@firefox.mozilla.org is not compatible with application version.
1550765858440	addons.xpi-utils	WARN	Add-on langpack-en-ZA@firefox.mozilla.org is not compatible with application version.
1550765858441	addons.xpi-utils	WARN	Add-on langpack-en-CA@firefox.mozilla.org is not compatible with application version.
1550765858441	addons.xpi-utils	WARN	Add-on langpack-en-GB@firefox.mozilla.org is not compatible with application version.
1550765858441	addons.xpi-utils	WARN	Add-on langpack-en-ZA@firefox.mozilla.org is not compatible with application version.
1550765858447	addons.xpi-utils	WARN	Add-on langpack-en-CA@firefox.mozilla.org is not compatible with application version.
1550765858447	addons.xpi-utils	WARN	Add-on langpack-en-GB@firefox.mozilla.org is not compatible with application version.
1550765858447	addons.xpi-utils	WARN	Add-on langpack-en-ZA@firefox.mozilla.org is not compatible with application version.
1550765859609	Marionette	INFO	Listening on port 37465
1550765859673	Marionette	WARN	TLS certificate errors will be ignored for this session
[Child 14590, Chrome_ChildThread] WARNING: pipe error (20): Connection reset by peer: file /build/firefox-mWstsA/firefox-61.0.1+build1/ipc/chromium/src/chrome/common/ipc_channel_posix.cc, line 353
[Child 14590, Chrome_ChildThread] WARNING: pipe error (3): Connection reset by peer: file /build/firefox-mWstsA/firefox-61.0.1+build1/ipc/chromium/src/chrome/common/ipc_channel_posix.cc, line 353
